2026-01-18 09:29:16 INFO  TC_001_AccountRegistrationTest:73 - ***** Clicked on MyAccount Link *****
2026-01-18 09:29:16 INFO  TC_001_AccountRegistrationTest:76 - ***** Clicked on Register Link *****
2026-01-18 09:29:16 INFO  TC_001_AccountRegistrationTest:80 - ***** Providing customer details *****
2026-01-18 09:29:21 INFO  TC_001_AccountRegistrationTest:73 - ***** Clicked on MyAccount Link *****
2026-01-18 09:29:21 INFO  TC_001_AccountRegistrationTest:76 - ***** Clicked on Register Link *****
2026-01-18 09:29:21 INFO  TC_001_AccountRegistrationTest:80 - ***** Providing customer details *****
2026-01-18 09:29:28 INFO  TC_001_AccountRegistrationTest:73 - ***** Clicked on MyAccount Link *****
2026-01-18 09:29:28 INFO  TC_001_AccountRegistrationTest:76 - ***** Clicked on Register Link *****
2026-01-18 09:29:28 INFO  TC_001_AccountRegistrationTest:80 - ***** Providing customer details *****
2026-01-18 17:12:44 INFO  TC_001_AccountRegistrationTest:73 - ***** Clicked on MyAccount Link *****
2026-01-18 17:12:55 INFO  TC_002_LoginTest:14 - ***** Starting TC_002_LoginTest *****
2026-01-18 17:12:55 DEBUG TC_002_LoginTest:15 - capturing application debug logs....
2026-01-18 17:12:55 INFO  TC_002_LoginTest:21 - clicked on myaccount link on the home page..
2026-01-18 17:14:23 INFO  TC_001_AccountRegistrationTest:73 - ***** Clicked on MyAccount Link *****
2026-01-18 17:14:34 INFO  TC_002_LoginTest:14 - ***** Starting TC_002_LoginTest *****
2026-01-18 17:14:34 DEBUG TC_002_LoginTest:15 - capturing application debug logs....
2026-01-18 17:14:34 INFO  TC_002_LoginTest:21 - clicked on myaccount link on the home page..
2026-01-18 17:18:56 INFO  TC_001_AccountRegistrationTest:73 - ***** Clicked on MyAccount Link *****
2026-01-18 17:19:16 INFO  TC_002_LoginTest:14 - ***** Starting TC_002_LoginTest *****
2026-01-18 17:19:16 DEBUG TC_002_LoginTest:15 - capturing application debug logs....
2026-01-18 17:19:16 INFO  TC_002_LoginTest:21 - clicked on myaccount link on the home page..
2026-01-18 17:21:48 INFO  TC_001_AccountRegistrationTest:73 - ***** Clicked on MyAccount Link *****
2026-01-18 17:21:58 INFO  TC_002_LoginTest:14 - ***** Starting TC_002_LoginTest *****
2026-01-18 17:21:58 DEBUG TC_002_LoginTest:15 - capturing application debug logs....
2026-01-18 17:21:59 INFO  TC_002_LoginTest:21 - clicked on myaccount link on the home page..
2026-01-18 17:33:36 INFO  TC_001_AccountRegistrationTest:73 - ***** Clicked on MyAccount Link *****
2026-01-18 17:39:07 INFO  TC_001_AccountRegistrationTest:73 - ***** Clicked on MyAccount Link *****
2026-01-18 17:52:13 INFO  TC_001_AccountRegistrationTest:73 - ***** Clicked on MyAccount Link *****
2026-01-18 17:53:13 INFO  TC_001_AccountRegistrationTest:73 - ***** Clicked on MyAccount Link *****
2026-01-18 17:57:11 INFO  TC_001_AccountRegistrationTest:73 - ***** Clicked on MyAccount Link *****
2026-01-18 18:01:43 INFO  TC_001_AccountRegistrationTest:73 - ***** Clicked on MyAccount Link *****
2026-01-18 18:01:44 INFO  TC_001_AccountRegistrationTest:76 - ***** Clicked on Register Link *****
2026-01-18 18:01:44 INFO  TC_001_AccountRegistrationTest:80 - ***** Providing customer details *****
2026-01-18 18:02:26 INFO  TC_001_AccountRegistrationTest:73 - ***** Clicked on MyAccount Link *****
2026-01-18 18:02:27 INFO  TC_001_AccountRegistrationTest:76 - ***** Clicked on Register Link *****
2026-01-18 18:02:27 INFO  TC_001_AccountRegistrationTest:80 - ***** Providing customer details *****
2026-01-18 18:02:33 INFO  TC_002_LoginTest:14 - ***** Starting TC_002_LoginTest *****
2026-01-18 18:02:33 DEBUG TC_002_LoginTest:15 - capturing application debug logs....
2026-01-18 18:02:33 INFO  TC_002_LoginTest:21 - clicked on myaccount link on the home page..
2026-01-18 18:02:33 INFO  TC_002_LoginTest:23 - clicked on login link under myaccount..
2026-01-18 18:02:33 INFO  TC_002_LoginTest:27 - Entering valid email and password..
2026-01-18 18:02:34 INFO  TC_002_LoginTest:31 - clicked on ligin button..
2026-01-18 18:02:34 INFO  TC_002_LoginTest:40 - **** Finished TC_002_LoginTest  ****
